<?xml version="1.0" encoding="UTF-8"?>
<coverage generated="1774304017717" clover="3.2.0">
  <project timestamp="1774304017717" name="All files">
    <metrics statements="102" coveredstatements="101" conditionals="74" coveredconditionals="62" methods="20" coveredmethods="20" elements="196" coveredelements="183" complexity="0" loc="102" ncloc="102" packages="2" files="2" classes="2"/>
    <package name="middleware">
      <metrics statements="57" coveredstatements="56" conditionals="48" coveredconditionals="40" methods="9" coveredmethods="9"/>
      <file name="error-handler.js" path="/Users/bene/drips/SoroMint/server/middleware/error-handler.js">
        <metrics statements="57" coveredstatements="56" conditionals="48" coveredconditionals="40" methods="9" coveredmethods="9"/>
        <line num="11" count="1" type="stmt"/>
        <line num="22" count="31" type="stmt"/>
        <line num="23" count="31" type="stmt"/>
        <line num="24" count="31" type="stmt"/>
        <line num="25" count="31" type="stmt"/>
        <line num="26" count="31" type="stmt"/>
        <line num="37" count="1" type="stmt"/>
        <line num="38" count="27" type="cond" truecount="2" falsecount="0"/>
        <line num="40" count="27" type="cond" truecount="4" falsecount="0"/>
        <line num="42" count="27" type="stmt"/>
        <line num="48" count="27" type="cond" truecount="1" falsecount="1"/>
        <line num="49" count="27" type="stmt"/>
        <line num="53" count="27" type="cond" truecount="4" falsecount="0"/>
        <line num="54" count="25" type="stmt"/>
        <line num="57" count="27" type="stmt"/>
        <line num="67" count="1" type="stmt"/>
        <line num="68" count="27" type="stmt"/>
        <line num="79" count="27" type="cond" truecount="1" falsecount="1"/>
        <line num="80" count="27" type="stmt"/>
        <line num="84" count="27" type="cond" truecount="2" falsecount="0"/>
        <line num="85" count="4" type="stmt"/>
        <line num="86" count="23" type="cond" truecount="1" falsecount="1"/>
        <line num="87" count="23" type="stmt"/>
        <line num="89" count="0" type="stmt"/>
        <line num="99" count="1" type="stmt"/>
        <line num="101" count="27" type="cond" truecount="2" falsecount="0"/>
        <line num="102" count="2" type="stmt"/>
        <line num="103" count="1" type="stmt"/>
        <line num="107" count="26" type="cond" truecount="2" falsecount="0"/>
        <line num="108" count="1" type="stmt"/>
        <line num="112" count="25" type="cond" truecount="2" falsecount="0"/>
        <line num="113" count="1" type="stmt"/>
        <line num="114" count="1" type="stmt"/>
        <line num="118" count="24" type="cond" truecount="2" falsecount="0"/>
        <line num="119" count="1" type="stmt"/>
        <line num="123" count="23" type="cond" truecount="2" falsecount="0"/>
        <line num="124" count="1" type="stmt"/>
        <line num="127" count="22" type="cond" truecount="2" falsecount="0"/>
        <line num="128" count="1" type="stmt"/>
        <line num="132" count="21" type="cond" truecount="2" falsecount="0"/>
        <line num="133" count="1" type="stmt"/>
        <line num="136" count="20" type="stmt"/>
        <line num="146" count="1" type="stmt"/>
        <line num="147" count="3" type="stmt"/>
        <line num="152" count="3" type="stmt"/>
        <line num="164" count="1" type="stmt"/>
        <line num="165" count="27" type="stmt"/>
        <line num="168" count="27" type="stmt"/>
        <line num="171" count="27" type="cond" truecount="4" falsecount="0"/>
        <line num="172" count="3" type="stmt"/>
        <line num="180" count="27" type="stmt"/>
        <line num="183" count="27" type="cond" truecount="1" falsecount="1"/>
        <line num="184" count="27" type="stmt"/>
        <line num="186" count="27" type="stmt"/>
        <line num="200" count="6" type="stmt"/>
        <line num="201" count="6" type="stmt"/>
        <line num="204" count="1" type="stmt"/>
      </file>
    </package>
    <package name="utils">
      <metrics statements="45" coveredstatements="45" conditionals="26" coveredconditionals="22" methods="11" coveredmethods="11"/>
      <file name="logger.js" path="/Users/bene/drips/SoroMint/server/utils/logger.js">
        <metrics statements="45" coveredstatements="45" conditionals="26" coveredconditionals="22" methods="11" coveredmethods="11"/>
        <line num="10" count="2" type="stmt"/>
        <line num="11" count="2" type="stmt"/>
        <line num="12" count="2" type="stmt"/>
        <line num="13" count="2" type="stmt"/>
        <line num="24" count="2" type="stmt"/>
        <line num="36" count="2" type="stmt"/>
        <line num="41" count="27" type="cond" truecount="1" falsecount="1"/>
        <line num="42" count="27" type="stmt"/>
        <line num="45" count="27" type="stmt"/>
        <line num="46" count="216" type="cond" truecount="3" falsecount="0"/>
        <line num="49" count="27" type="cond" truecount="1" falsecount="1"/>
        <line num="50" count="216" type="stmt"/>
        <line num="51" count="27" type="stmt"/>
        <line num="54" count="27" type="stmt"/>
        <line num="64" count="2" type="stmt"/>
        <line num="78" count="2" type="stmt"/>
        <line num="99" count="2" type="stmt"/>
        <line num="100" count="15" type="stmt"/>
        <line num="116" count="2" type="stmt"/>
        <line num="118" count="10" type="cond" truecount="2" falsecount="0"/>
        <line num="121" count="10" type="stmt"/>
        <line num="123" count="10" type="stmt"/>
        <line num="136" count="2" type="stmt"/>
        <line num="137" count="20" type="stmt"/>
        <line num="138" count="20" type="stmt"/>
        <line num="141" count="20" type="stmt"/>
        <line num="142" count="20" type="stmt"/>
        <line num="143" count="20" type="stmt"/>
        <line num="154" count="20" type="cond" truecount="2" falsecount="0"/>
        <line num="155" count="3" type="stmt"/>
        <line num="156" count="17" type="cond" truecount="2" falsecount="0"/>
        <line num="157" count="3" type="stmt"/>
        <line num="159" count="14" type="stmt"/>
        <line num="163" count="20" type="stmt"/>
        <line num="174" count="2" type="stmt"/>
        <line num="175" count="5" type="stmt"/>
        <line num="190" count="2" type="stmt"/>
        <line num="191" count="3" type="stmt"/>
        <line num="205" count="2" type="cond" truecount="1" falsecount="0"/>
        <line num="206" count="7" type="cond" truecount="2" falsecount="0"/>
        <line num="207" count="2" type="stmt"/>
        <line num="211" count="5" type="stmt"/>
        <line num="226" count="2" type="stmt"/>
        <line num="227" count="5" type="stmt"/>
        <line num="233" count="2" type="stmt"/>
      </file>
    </package>
  </project>
</coverage>
