{"/Users/bene/drips/SoroMint/server/middleware/error-handler.js": {"path":"/Users/bene/drips/SoroMint/server/middleware/error-handler.js","statementMap":{"0":{"start":{"line":11,"column":19},"end":{"line":11,"column":45}},"1":{"start":{"line":22,"column":4},"end":{"line":22,"column":19}},"2":{"start":{"line":23,"column":4},"end":{"line":23,"column":33}},"3":{"start":{"line":24,"column":4},"end":{"line":24,"column":21}},"4":{"start":{"line":25,"column":4},"end":{"line":25,"column":30}},"5":{"start":{"line":26,"column":4},"end":{"line":26,"column":52}},"6":{"start":{"line":37,"column":28},"end":{"line":58,"column":1}},"7":{"start":{"line":38,"column":23},"end":{"line":38,"column":68}},"8":{"start":{"line":40,"column":22},"end":{"line":40,"column":116}},"9":{"start":{"line":42,"column":19},"end":{"line":45,"column":3}},"10":{"start":{"line":48,"column":2},"end":{"line":50,"column":3}},"11":{"start":{"line":49,"column":4},"end":{"line":49,"column":37}},"12":{"start":{"line":53,"column":2},"end":{"line":55,"column":3}},"13":{"start":{"line":54,"column":4},"end":{"line":54,"column":31}},"14":{"start":{"line":57,"column":2},"end":{"line":57,"column":18}},"15":{"start":{"line":67,"column":17},"end":{"line":91,"column":1}},"16":{"start":{"line":68,"column":18},"end":{"line":76,"column":3}},"17":{"start":{"line":79,"column":2},"end":{"line":81,"column":3}},"18":{"start":{"line":80,"column":4},"end":{"line":80,"column":30}},"19":{"start":{"line":84,"column":2},"end":{"line":90,"column":3}},"20":{"start":{"line":85,"column":4},"end":{"line":85,"column":51}},"21":{"start":{"line":86,"column":9},"end":{"line":90,"column":3}},"22":{"start":{"line":87,"column":4},"end":{"line":87,"column":41}},"23":{"start":{"line":89,"column":4},"end":{"line":89,"column":34}},"24":{"start":{"line":99,"column":26},"end":{"line":137,"column":1}},"25":{"start":{"line":101,"column":2},"end":{"line":104,"column":3}},"26":{"start":{"line":102,"column":21},"end":{"line":102,"column":77}},"27":{"start":{"line":102,"column":56},"end":{"line":102,"column":65}},"28":{"start":{"line":103,"column":4},"end":{"line":103,"column":59}},"29":{"start":{"line":107,"column":2},"end":{"line":109,"column":3}},"30":{"start":{"line":108,"column":4},"end":{"line":108,"column":80}},"31":{"start":{"line":112,"column":2},"end":{"line":115,"column":3}},"32":{"start":{"line":113,"column":18},"end":{"line":113,"column":48}},"33":{"start":{"line":114,"column":4},"end":{"line":114,"column":73}},"34":{"start":{"line":118,"column":2},"end":{"line":120,"column":3}},"35":{"start":{"line":119,"column":4},"end":{"line":119,"column":55}},"36":{"start":{"line":123,"column":2},"end":{"line":125,"column":3}},"37":{"start":{"line":124,"column":4},"end":{"line":124,"column":63}},"38":{"start":{"line":127,"column":2},"end":{"line":129,"column":3}},"39":{"start":{"line":128,"column":4},"end":{"line":128,"column":63}},"40":{"start":{"line":132,"column":2},"end":{"line":134,"column":3}},"41":{"start":{"line":133,"column":4},"end":{"line":133,"column":72}},"42":{"start":{"line":136,"column":2},"end":{"line":136,"column":13}},"43":{"start":{"line":146,"column":24},"end":{"line":153,"column":1}},"44":{"start":{"line":147,"column":14},"end":{"line":151,"column":3}},"45":{"start":{"line":152,"column":2},"end":{"line":152,"column":12}},"46":{"start":{"line":164,"column":21},"end":{"line":187,"column":1}},"47":{"start":{"line":165,"column":23},"end":{"line":165,"column":60}},"48":{"start":{"line":168,"column":23},"end":{"line":168,"column":45}},"49":{"start":{"line":171,"column":2},"end":{"line":177,"column":3}},"50":{"start":{"line":172,"column":4},"end":{"line":176,"column":6}},"51":{"start":{"line":180,"column":2},"end":{"line":180,"column":46}},"52":{"start":{"line":183,"column":21},"end":{"line":183,"column":53}},"53":{"start":{"line":184,"column":23},"end":{"line":184,"column":72}},"54":{"start":{"line":186,"column":2},"end":{"line":186,"column":44}},"55":{"start":{"line":200,"column":21},"end":{"line":202,"column":1}},"56":{"start":{"line":200,"column":29},"end":{"line":202,"column":1}},"57":{"start":{"line":201,"column":2},"end":{"line":201,"column":50}},"58":{"start":{"line":204,"column":0},"end":{"line":209,"column":2}}},"fnMap":{"0":{"name":"(anonymous_0)","decl":{"start":{"line":21,"column":2},"end":{"line":21,"column":3}},"loc":{"start":{"line":21,"column":66},"end":{"line":27,"column":3}},"line":21},"1":{"name":"(anonymous_1)","decl":{"start":{"line":37,"column":28},"end":{"line":37,"column":29}},"loc":{"start":{"line":37,"column":51},"end":{"line":58,"column":1}},"line":37},"2":{"name":"(anonymous_2)","decl":{"start":{"line":67,"column":17},"end":{"line":67,"column":18}},"loc":{"start":{"line":67,"column":45},"end":{"line":91,"column":1}},"line":67},"3":{"name":"(anonymous_3)","decl":{"start":{"line":99,"column":26},"end":{"line":99,"column":27}},"loc":{"start":{"line":99,"column":35},"end":{"line":137,"column":1}},"line":99},"4":{"name":"(anonymous_4)","decl":{"start":{"line":102,"column":51},"end":{"line":102,"column":52}},"loc":{"start":{"line":102,"column":56},"end":{"line":102,"column":65}},"line":102},"5":{"name":"(anonymous_5)","decl":{"start":{"line":146,"column":24},"end":{"line":146,"column":25}},"loc":{"start":{"line":146,"column":44},"end":{"line":153,"column":1}},"line":146},"6":{"name":"(anonymous_6)","decl":{"start":{"line":164,"column":21},"end":{"line":164,"column":22}},"loc":{"start":{"line":164,"column":46},"end":{"line":187,"column":1}},"line":164},"7":{"name":"(anonymous_7)","decl":{"start":{"line":200,"column":21},"end":{"line":200,"column":22}},"loc":{"start":{"line":200,"column":29},"end":{"line":202,"column":1}},"line":200},"8":{"name":"(anonymous_8)","decl":{"start":{"line":200,"column":29},"end":{"line":200,"column":30}},"loc":{"start":{"line":200,"column":49},"end":{"line":202,"column":1}},"line":200}},"branchMap":{"0":{"loc":{"start":{"line":21,"column":23},"end":{"line":21,"column":39}},"type":"default-arg","locations":[{"start":{"line":21,"column":36},"end":{"line":21,"column":39}}],"line":21},"1":{"loc":{"start":{"line":21,"column":41},"end":{"line":21,"column":64}},"type":"default-arg","locations":[{"start":{"line":21,"column":48},"end":{"line":21,"column":64}}],"line":21},"2":{"loc":{"start":{"line":38,"column":23},"end":{"line":38,"column":68}},"type":"binary-expr","locations":[{"start":{"line":38,"column":23},"end":{"line":38,"column":34}},{"start":{"line":38,"column":38},"end":{"line":38,"column":68}}],"line":38},"3":{"loc":{"start":{"line":40,"column":22},"end":{"line":40,"column":116}},"type":"cond-expr","locations":[{"start":{"line":40,"column":71},"end":{"line":40,"column":101}},{"start":{"line":40,"column":104},"end":{"line":40,"column":116}}],"line":40},"4":{"loc":{"start":{"line":40,"column":22},"end":{"line":40,"column":68}},"type":"binary-expr","locations":[{"start":{"line":40,"column":22},"end":{"line":40,"column":45}},{"start":{"line":40,"column":49},"end":{"line":40,"column":68}}],"line":40},"5":{"loc":{"start":{"line":44,"column":10},"end":{"line":44,"column":38}},"type":"binary-expr","locations":[{"start":{"line":44,"column":10},"end":{"line":44,"column":18}},{"start":{"line":44,"column":22},"end":{"line":44,"column":38}}],"line":44},"6":{"loc":{"start":{"line":48,"column":2},"end":{"line":50,"column":3}},"type":"if","locations":[{"start":{"line":48,"column":2},"end":{"line":50,"column":3}},{"start":{},"end":{}}],"line":48},"7":{"loc":{"start":{"line":53,"column":2},"end":{"line":55,"column":3}},"type":"if","locations":[{"start":{"line":53,"column":2},"end":{"line":55,"column":3}},{"start":{},"end":{}}],"line":53},"8":{"loc":{"start":{"line":53,"column":6},"end":{"line":53,"column":32}},"type":"binary-expr","locations":[{"start":{"line":53,"column":6},"end":{"line":53,"column":19}},{"start":{"line":53,"column":23},"end":{"line":53,"column":32}}],"line":53},"9":{"loc":{"start":{"line":70,"column":10},"end":{"line":70,"column":38}},"type":"binary-expr","locations":[{"start":{"line":70,"column":10},"end":{"line":70,"column":18}},{"start":{"line":70,"column":22},"end":{"line":70,"column":38}}],"line":70},"10":{"loc":{"start":{"line":71,"column":16},"end":{"line":71,"column":37}},"type":"binary-expr","locations":[{"start":{"line":71,"column":16},"end":{"line":71,"column":30}},{"start":{"line":71,"column":34},"end":{"line":71,"column":37}}],"line":71},"11":{"loc":{"start":{"line":75,"column":19},"end":{"line":75,"column":45}},"type":"binary-expr","locations":[{"start":{"line":75,"column":19},"end":{"line":75,"column":36}},{"start":{"line":75,"column":40},"end":{"line":75,"column":45}}],"line":75},"12":{"loc":{"start":{"line":79,"column":2},"end":{"line":81,"column":3}},"type":"if","locations":[{"start":{"line":79,"column":2},"end":{"line":81,"column":3}},{"start":{},"end":{}}],"line":79},"13":{"loc":{"start":{"line":84,"column":2},"end":{"line":90,"column":3}},"type":"if","locations":[{"start":{"line":84,"column":2},"end":{"line":90,"column":3}},{"start":{"line":86,"column":9},"end":{"line":90,"column":3}}],"line":84},"14":{"loc":{"start":{"line":86,"column":9},"end":{"line":90,"column":3}},"type":"if","locations":[{"start":{"line":86,"column":9},"end":{"line":90,"column":3}},{"start":{"line":88,"column":9},"end":{"line":90,"column":3}}],"line":86},"15":{"loc":{"start":{"line":101,"column":2},"end":{"line":104,"column":3}},"type":"if","locations":[{"start":{"line":101,"column":2},"end":{"line":104,"column":3}},{"start":{},"end":{}}],"line":101},"16":{"loc":{"start":{"line":107,"column":2},"end":{"line":109,"column":3}},"type":"if","locations":[{"start":{"line":107,"column":2},"end":{"line":109,"column":3}},{"start":{},"end":{}}],"line":107},"17":{"loc":{"start":{"line":112,"column":2},"end":{"line":115,"column":3}},"type":"if","locations":[{"start":{"line":112,"column":2},"end":{"line":115,"column":3}},{"start":{},"end":{}}],"line":112},"18":{"loc":{"start":{"line":118,"column":2},"end":{"line":120,"column":3}},"type":"if","locations":[{"start":{"line":118,"column":2},"end":{"line":120,"column":3}},{"start":{},"end":{}}],"line":118},"19":{"loc":{"start":{"line":123,"column":2},"end":{"line":125,"column":3}},"type":"if","locations":[{"start":{"line":123,"column":2},"end":{"line":125,"column":3}},{"start":{},"end":{}}],"line":123},"20":{"loc":{"start":{"line":127,"column":2},"end":{"line":129,"column":3}},"type":"if","locations":[{"start":{"line":127,"column":2},"end":{"line":129,"column":3}},{"start":{},"end":{}}],"line":127},"21":{"loc":{"start":{"line":132,"column":2},"end":{"line":134,"column":3}},"type":"if","locations":[{"start":{"line":132,"column":2},"end":{"line":134,"column":3}},{"start":{},"end":{}}],"line":132},"22":{"loc":{"start":{"line":171,"column":2},"end":{"line":177,"column":3}},"type":"if","locations":[{"start":{"line":171,"column":2},"end":{"line":177,"column":3}},{"start":{},"end":{}}],"line":171},"23":{"loc":{"start":{"line":171,"column":6},"end":{"line":171,"column":65}},"type":"binary-expr","locations":[{"start":{"line":171,"column":6},"end":{"line":171,"column":35}},{"start":{"line":171,"column":39},"end":{"line":171,"column":65}}],"line":171},"24":{"loc":{"start":{"line":183,"column":21},"end":{"line":183,"column":53}},"type":"binary-expr","locations":[{"start":{"line":183,"column":21},"end":{"line":183,"column":46}},{"start":{"line":183,"column":50},"end":{"line":183,"column":53}}],"line":183}},"s":{"0":1,"1":31,"2":31,"3":31,"4":31,"5":31,"6":1,"7":27,"8":27,"9":27,"10":27,"11":27,"12":27,"13":25,"14":27,"15":1,"16":27,"17":27,"18":27,"19":27,"20":4,"21":23,"22":23,"23":0,"24":1,"25":27,"26":1,"27":2,"28":1,"29":26,"30":1,"31":25,"32":1,"33":1,"34":24,"35":1,"36":23,"37":1,"38":22,"39":1,"40":21,"41":1,"42":20,"43":1,"44":3,"45":3,"46":1,"47":27,"48":27,"49":27,"50":3,"51":27,"52":27,"53":27,"54":27,"55":1,"56":6,"57":6,"58":1},"f":{"0":31,"1":27,"2":27,"3":27,"4":2,"5":3,"6":27,"7":6,"8":6},"b":{"0":[3],"1":[3],"2":[27,1],"3":[1,26],"4":[27,26],"5":[27,0],"6":[27,0],"7":[25,2],"8":[27,25],"9":[27,0],"10":[27,0],"11":[27,0],"12":[27,0],"13":[4,23],"14":[23,0],"15":[1,26],"16":[1,25],"17":[1,24],"18":[1,23],"19":[1,22],"20":[1,21],"21":[1,20],"22":[3,24],"23":[27,3],"24":[27,0]},"_coverageSchema":"1a1c01bbd47fc00a2c39e90264f33305004495a9","hash":"78fc04bb8632fd5dfe1f8f6df4fe6d32f363fb95"}
,"/Users/bene/drips/SoroMint/server/utils/logger.js": {"path":"/Users/bene/drips/SoroMint/server/utils/logger.js","statementMap":{"0":{"start":{"line":10,"column":16},"end":{"line":10,"column":34}},"1":{"start":{"line":11,"column":24},"end":{"line":11,"column":60}},"2":{"start":{"line":12,"column":15},"end":{"line":12,"column":32}},"3":{"start":{"line":13,"column":13},"end":{"line":13,"column":28}},"4":{"start":{"line":24,"column":18},"end":{"line":29,"column":1}},"5":{"start":{"line":36,"column":25},"end":{"line":57,"column":2}},"6":{"start":{"line":41,"column":32},"end":{"line":41,"column":74}},"7":{"start":{"line":42,"column":23},"end":{"line":42,"column":78}},"8":{"start":{"line":45,"column":23},"end":{"line":47,"column":7}},"9":{"start":{"line":46,"column":8},"end":{"line":46,"column":67}},"10":{"start":{"line":49,"column":6},"end":{"line":52,"column":7}},"11":{"start":{"line":50,"column":27},"end":{"line":50,"column":83}},"12":{"start":{"line":50,"column":47},"end":{"line":50,"column":72}},"13":{"start":{"line":51,"column":8},"end":{"line":51,"column":39}},"14":{"start":{"line":54,"column":6},"end":{"line":54,"column":24}},"15":{"start":{"line":64,"column":22},"end":{"line":71,"column":2}},"16":{"start":{"line":78,"column":15},"end":{"line":89,"column":2}},"17":{"start":{"line":99,"column":30},"end":{"line":101,"column":1}},"18":{"start":{"line":100,"column":2},"end":{"line":100,"column":29}},"19":{"start":{"line":116,"column":32},"end":{"line":124,"column":1}},"20":{"start":{"line":118,"column":2},"end":{"line":118,"column":81}},"21":{"start":{"line":121,"column":2},"end":{"line":121,"column":55}},"22":{"start":{"line":123,"column":2},"end":{"line":123,"column":9}},"23":{"start":{"line":136,"column":29},"end":{"line":164,"column":1}},"24":{"start":{"line":137,"column":20},"end":{"line":137,"column":30}},"25":{"start":{"line":138,"column":24},"end":{"line":138,"column":41}},"26":{"start":{"line":141,"column":2},"end":{"line":161,"column":5}},"27":{"start":{"line":142,"column":21},"end":{"line":142,"column":43}},"28":{"start":{"line":143,"column":20},"end":{"line":151,"column":5}},"29":{"start":{"line":154,"column":4},"end":{"line":160,"column":5}},"30":{"start":{"line":155,"column":6},"end":{"line":155,"column":44}},"31":{"start":{"line":156,"column":11},"end":{"line":160,"column":5}},"32":{"start":{"line":157,"column":6},"end":{"line":157,"column":43}},"33":{"start":{"line":159,"column":6},"end":{"line":159,"column":43}},"34":{"start":{"line":163,"column":2},"end":{"line":163,"column":9}},"35":{"start":{"line":174,"column":23},"end":{"line":181,"column":1}},"36":{"start":{"line":175,"column":2},"end":{"line":180,"column":5}},"37":{"start":{"line":190,"column":24},"end":{"line":195,"column":1}},"38":{"start":{"line":191,"column":2},"end":{"line":194,"column":5}},"39":{"start":{"line":205,"column":30},"end":{"line":216,"column":1}},"40":{"start":{"line":206,"column":2},"end":{"line":215,"column":3}},"41":{"start":{"line":207,"column":4},"end":{"line":209,"column":7}},"42":{"start":{"line":211,"column":4},"end":{"line":214,"column":7}},"43":{"start":{"line":226,"column":29},"end":{"line":231,"column":1}},"44":{"start":{"line":227,"column":2},"end":{"line":230,"column":5}},"45":{"start":{"line":233,"column":0},"end":{"line":242,"column":2}}},"fnMap":{"0":{"name":"(anonymous_0)","decl":{"start":{"line":40,"column":26},"end":{"line":40,"column":27}},"loc":{"start":{"line":40,"column":89},"end":{"line":55,"column":5}},"line":40},"1":{"name":"(anonymous_1)","decl":{"start":{"line":45,"column":52},"end":{"line":45,"column":53}},"loc":{"start":{"line":46,"column":8},"end":{"line":46,"column":67}},"line":46},"2":{"name":"(anonymous_2)","decl":{"start":{"line":50,"column":40},"end":{"line":50,"column":41}},"loc":{"start":{"line":50,"column":47},"end":{"line":50,"column":72}},"line":50},"3":{"name":"(anonymous_3)","decl":{"start":{"line":99,"column":30},"end":{"line":99,"column":31}},"loc":{"start":{"line":99,"column":36},"end":{"line":101,"column":1}},"line":99},"4":{"name":"(anonymous_4)","decl":{"start":{"line":116,"column":32},"end":{"line":116,"column":33}},"loc":{"start":{"line":116,"column":52},"end":{"line":124,"column":1}},"line":116},"5":{"name":"(anonymous_5)","decl":{"start":{"line":136,"column":29},"end":{"line":136,"column":30}},"loc":{"start":{"line":136,"column":49},"end":{"line":164,"column":1}},"line":136},"6":{"name":"(anonymous_6)","decl":{"start":{"line":141,"column":19},"end":{"line":141,"column":20}},"loc":{"start":{"line":141,"column":25},"end":{"line":161,"column":3}},"line":141},"7":{"name":"(anonymous_7)","decl":{"start":{"line":174,"column":23},"end":{"line":174,"column":24}},"loc":{"start":{"line":174,"column":42},"end":{"line":181,"column":1}},"line":174},"8":{"name":"(anonymous_8)","decl":{"start":{"line":190,"column":24},"end":{"line":190,"column":25}},"loc":{"start":{"line":190,"column":36},"end":{"line":195,"column":1}},"line":190},"9":{"name":"(anonymous_9)","decl":{"start":{"line":205,"column":30},"end":{"line":205,"column":31}},"loc":{"start":{"line":205,"column":57},"end":{"line":216,"column":1}},"line":205},"10":{"name":"(anonymous_10)","decl":{"start":{"line":226,"column":29},"end":{"line":226,"column":30}},"loc":{"start":{"line":226,"column":47},"end":{"line":231,"column":1}},"line":226}},"branchMap":{"0":{"loc":{"start":{"line":41,"column":32},"end":{"line":41,"column":74}},"type":"cond-expr","locations":[{"start":{"line":41,"column":48},"end":{"line":41,"column":69}},{"start":{"line":41,"column":72},"end":{"line":41,"column":74}}],"line":41},"1":{"loc":{"start":{"line":46,"column":8},"end":{"line":46,"column":67}},"type":"binary-expr","locations":[{"start":{"line":46,"column":8},"end":{"line":46,"column":27}},{"start":{"line":46,"column":31},"end":{"line":46,"column":46}},{"start":{"line":46,"column":50},"end":{"line":46,"column":67}}],"line":46},"2":{"loc":{"start":{"line":49,"column":6},"end":{"line":52,"column":7}},"type":"if","locations":[{"start":{"line":49,"column":6},"end":{"line":52,"column":7}},{"start":{},"end":{}}],"line":49},"3":{"loc":{"start":{"line":79,"column":9},"end":{"line":79,"column":65}},"type":"cond-expr","locations":[{"start":{"line":79,"column":49},"end":{"line":79,"column":55}},{"start":{"line":79,"column":58},"end":{"line":79,"column":65}}],"line":79},"4":{"loc":{"start":{"line":82,"column":17},"end":{"line":82,"column":54}},"type":"binary-expr","locations":[{"start":{"line":82,"column":17},"end":{"line":82,"column":37}},{"start":{"line":82,"column":41},"end":{"line":82,"column":54}}],"line":82},"5":{"loc":{"start":{"line":118,"column":22},"end":{"line":118,"column":80}},"type":"binary-expr","locations":[{"start":{"line":118,"column":22},"end":{"line":118,"column":53}},{"start":{"line":118,"column":57},"end":{"line":118,"column":80}}],"line":118},"6":{"loc":{"start":{"line":149,"column":10},"end":{"line":149,"column":48}},"type":"binary-expr","locations":[{"start":{"line":149,"column":10},"end":{"line":149,"column":16}},{"start":{"line":149,"column":20},"end":{"line":149,"column":48}}],"line":149},"7":{"loc":{"start":{"line":154,"column":4},"end":{"line":160,"column":5}},"type":"if","locations":[{"start":{"line":154,"column":4},"end":{"line":160,"column":5}},{"start":{"line":156,"column":11},"end":{"line":160,"column":5}}],"line":154},"8":{"loc":{"start":{"line":156,"column":11},"end":{"line":160,"column":5}},"type":"if","locations":[{"start":{"line":156,"column":11},"end":{"line":160,"column":5}},{"start":{"line":158,"column":11},"end":{"line":160,"column":5}}],"line":156},"9":{"loc":{"start":{"line":178,"column":13},"end":{"line":178,"column":50}},"type":"binary-expr","locations":[{"start":{"line":178,"column":13},"end":{"line":178,"column":33}},{"start":{"line":178,"column":37},"end":{"line":178,"column":50}}],"line":178},"10":{"loc":{"start":{"line":205,"column":40},"end":{"line":205,"column":52}},"type":"default-arg","locations":[{"start":{"line":205,"column":48},"end":{"line":205,"column":52}}],"line":205},"11":{"loc":{"start":{"line":206,"column":2},"end":{"line":215,"column":3}},"type":"if","locations":[{"start":{"line":206,"column":2},"end":{"line":215,"column":3}},{"start":{"line":210,"column":9},"end":{"line":215,"column":3}}],"line":206},"12":{"loc":{"start":{"line":212,"column":13},"end":{"line":212,"column":52}},"type":"cond-expr","locations":[{"start":{"line":212,"column":21},"end":{"line":212,"column":34}},{"start":{"line":212,"column":37},"end":{"line":212,"column":52}}],"line":212}},"s":{"0":2,"1":2,"2":2,"3":2,"4":2,"5":2,"6":27,"7":27,"8":27,"9":216,"10":27,"11":27,"12":216,"13":27,"14":27,"15":2,"16":2,"17":2,"18":15,"19":2,"20":10,"21":10,"22":10,"23":2,"24":20,"25":20,"26":20,"27":20,"28":20,"29":20,"30":3,"31":17,"32":3,"33":14,"34":20,"35":2,"36":5,"37":2,"38":3,"39":2,"40":7,"41":2,"42":5,"43":2,"44":5,"45":2},"f":{"0":27,"1":216,"2":216,"3":15,"4":10,"5":20,"6":20,"7":5,"8":3,"9":7,"10":5},"b":{"0":[0,27],"1":[216,216,216],"2":[27,0],"3":[0,2],"4":[2,0],"5":[10,7],"6":[20,1],"7":[3,17],"8":[3,14],"9":[5,1],"10":[3],"11":[2,5],"12":[3,2]},"_coverageSchema":"1a1c01bbd47fc00a2c39e90264f33305004495a9","hash":"c4e5804088acd963b0eebdbc4b8138f56ea675cc"}
}
