TN:
SF:middleware/error-handler.js
FN:21,(anonymous_0)
FN:37,(anonymous_1)
FN:67,(anonymous_2)
FN:99,(anonymous_3)
FN:102,(anonymous_4)
FN:146,(anonymous_5)
FN:164,(anonymous_6)
FN:200,(anonymous_7)
FN:200,(anonymous_8)
FNF:9
FNH:9
FNDA:31,(anonymous_0)
FNDA:27,(anonymous_1)
FNDA:27,(anonymous_2)
FNDA:27,(anonymous_3)
FNDA:2,(anonymous_4)
FNDA:3,(anonymous_5)
FNDA:27,(anonymous_6)
FNDA:6,(anonymous_7)
FNDA:6,(anonymous_8)
DA:11,1
DA:22,31
DA:23,31
DA:24,31
DA:25,31
DA:26,31
DA:37,1
DA:38,27
DA:40,27
DA:42,27
DA:48,27
DA:49,27
DA:53,27
DA:54,25
DA:57,27
DA:67,1
DA:68,27
DA:79,27
DA:80,27
DA:84,27
DA:85,4
DA:86,23
DA:87,23
DA:89,0
DA:99,1
DA:101,27
DA:102,2
DA:103,1
DA:107,26
DA:108,1
DA:112,25
DA:113,1
DA:114,1
DA:118,24
DA:119,1
DA:123,23
DA:124,1
DA:127,22
DA:128,1
DA:132,21
DA:133,1
DA:136,20
DA:146,1
DA:147,3
DA:152,3
DA:164,1
DA:165,27
DA:168,27
DA:171,27
DA:172,3
DA:180,27
DA:183,27
DA:184,27
DA:186,27
DA:200,6
DA:201,6
DA:204,1
LF:57
LH:56
BRDA:21,0,0,3
BRDA:21,1,0,3
BRDA:38,2,0,27
BRDA:38,2,1,1
BRDA:40,3,0,1
BRDA:40,3,1,26
BRDA:40,4,0,27
BRDA:40,4,1,26
BRDA:44,5,0,27
BRDA:44,5,1,0
BRDA:48,6,0,27
BRDA:48,6,1,0
BRDA:53,7,0,25
BRDA:53,7,1,2
BRDA:53,8,0,27
BRDA:53,8,1,25
BRDA:70,9,0,27
BRDA:70,9,1,0
BRDA:71,10,0,27
BRDA:71,10,1,0
BRDA:75,11,0,27
BRDA:75,11,1,0
BRDA:79,12,0,27
BRDA:79,12,1,0
BRDA:84,13,0,4
BRDA:84,13,1,23
BRDA:86,14,0,23
BRDA:86,14,1,0
BRDA:101,15,0,1
BRDA:101,15,1,26
BRDA:107,16,0,1
BRDA:107,16,1,25
BRDA:112,17,0,1
BRDA:112,17,1,24
BRDA:118,18,0,1
BRDA:118,18,1,23
BRDA:123,19,0,1
BRDA:123,19,1,22
BRDA:127,20,0,1
BRDA:127,20,1,21
BRDA:132,21,0,1
BRDA:132,21,1,20
BRDA:171,22,0,3
BRDA:171,22,1,24
BRDA:171,23,0,27
BRDA:171,23,1,3
BRDA:183,24,0,27
BRDA:183,24,1,0
BRF:48
BRH:40
end_of_record
TN:
SF:utils/logger.js
FN:40,(anonymous_0)
FN:45,(anonymous_1)
FN:50,(anonymous_2)
FN:99,(anonymous_3)
FN:116,(anonymous_4)
FN:136,(anonymous_5)
FN:141,(anonymous_6)
FN:174,(anonymous_7)
FN:190,(anonymous_8)
FN:205,(anonymous_9)
FN:226,(anonymous_10)
FNF:11
FNH:11
FNDA:27,(anonymous_0)
FNDA:216,(anonymous_1)
FNDA:216,(anonymous_2)
FNDA:15,(anonymous_3)
FNDA:10,(anonymous_4)
FNDA:20,(anonymous_5)
FNDA:20,(anonymous_6)
FNDA:5,(anonymous_7)
FNDA:3,(anonymous_8)
FNDA:7,(anonymous_9)
FNDA:5,(anonymous_10)
DA:10,2
DA:11,2
DA:12,2
DA:13,2
DA:24,2
DA:36,2
DA:41,27
DA:42,27
DA:45,27
DA:46,216
DA:49,27
DA:50,216
DA:51,27
DA:54,27
DA:64,2
DA:78,2
DA:99,2
DA:100,15
DA:116,2
DA:118,10
DA:121,10
DA:123,10
DA:136,2
DA:137,20
DA:138,20
DA:141,20
DA:142,20
DA:143,20
DA:154,20
DA:155,3
DA:156,17
DA:157,3
DA:159,14
DA:163,20
DA:174,2
DA:175,5
DA:190,2
DA:191,3
DA:205,2
DA:206,7
DA:207,2
DA:211,5
DA:226,2
DA:227,5
DA:233,2
LF:45
LH:45
BRDA:41,0,0,0
BRDA:41,0,1,27
BRDA:46,1,0,216
BRDA:46,1,1,216
BRDA:46,1,2,216
BRDA:49,2,0,27
BRDA:49,2,1,0
BRDA:79,3,0,0
BRDA:79,3,1,2
BRDA:82,4,0,2
BRDA:82,4,1,0
BRDA:118,5,0,10
BRDA:118,5,1,7
BRDA:149,6,0,20
BRDA:149,6,1,1
BRDA:154,7,0,3
BRDA:154,7,1,17
BRDA:156,8,0,3
BRDA:156,8,1,14
BRDA:178,9,0,5
BRDA:178,9,1,1
BRDA:205,10,0,3
BRDA:206,11,0,2
BRDA:206,11,1,5
BRDA:212,12,0,3
BRDA:212,12,1,2
BRF:26
BRH:22
end_of_record
