<?xml version="1.0" encoding="UTF-8"?>
<coverage generated="1774303975396" clover="3.2.0">
  <project timestamp="1774303975396" name="All files">
    <metrics statements="45" coveredstatements="37" conditionals="26" coveredconditionals="17" methods="11" coveredmethods="8" elements="82" coveredelements="62" complexity="0" loc="45" ncloc="45" packages="1" files="1" classes="1"/>
    <file name="logger.js" path="/Users/bene/drips/SoroMint/server/utils/logger.js">
      <metrics statements="45" coveredstatements="37" conditionals="26" coveredconditionals="17" methods="11" coveredmethods="8"/>
      <line num="10" count="1" type="stmt"/>
      <line num="11" count="1" type="stmt"/>
      <line num="12" count="1" type="stmt"/>
      <line num="13" count="1" type="stmt"/>
      <line num="24" count="1" type="stmt"/>
      <line num="36" count="1" type="stmt"/>
      <line num="41" count="0" type="cond" truecount="0" falsecount="2"/>
      <line num="42" count="0" type="stmt"/>
      <line num="45" count="0" type="stmt"/>
      <line num="46" count="0" type="cond" truecount="0" falsecount="3"/>
      <line num="49" count="0" type="cond" truecount="0" falsecount="2"/>
      <line num="50" count="0" type="stmt"/>
      <line num="51" count="0" type="stmt"/>
      <line num="54" count="0" type="stmt"/>
      <line num="64" count="1" type="stmt"/>
      <line num="78" count="1" type="stmt"/>
      <line num="99" count="1" type="stmt"/>
      <line num="100" count="15" type="stmt"/>
      <line num="116" count="1" type="stmt"/>
      <line num="118" count="10" type="cond" truecount="2" falsecount="0"/>
      <line num="121" count="10" type="stmt"/>
      <line num="123" count="10" type="stmt"/>
      <line num="136" count="1" type="stmt"/>
      <line num="137" count="20" type="stmt"/>
      <line num="138" count="20" type="stmt"/>
      <line num="141" count="20" type="stmt"/>
      <line num="142" count="20" type="stmt"/>
      <line num="143" count="20" type="stmt"/>
      <line num="154" count="20" type="cond" truecount="2" falsecount="0"/>
      <line num="155" count="3" type="stmt"/>
      <line num="156" count="17" type="cond" truecount="2" falsecount="0"/>
      <line num="157" count="3" type="stmt"/>
      <line num="159" count="14" type="stmt"/>
      <line num="163" count="20" type="stmt"/>
      <line num="174" count="1" type="stmt"/>
      <line num="175" count="5" type="stmt"/>
      <line num="190" count="1" type="stmt"/>
      <line num="191" count="3" type="stmt"/>
      <line num="205" count="1" type="cond" truecount="1" falsecount="0"/>
      <line num="206" count="7" type="cond" truecount="2" falsecount="0"/>
      <line num="207" count="2" type="stmt"/>
      <line num="211" count="5" type="stmt"/>
      <line num="226" count="1" type="stmt"/>
      <line num="227" count="5" type="stmt"/>
      <line num="233" count="1" type="stmt"/>
    </file>
  </project>
</coverage>
