{"/Users/bene/drips/SoroMint/server/utils/logger.js": {"path":"/Users/bene/drips/SoroMint/server/utils/logger.js","statementMap":{"0":{"start":{"line":10,"column":16},"end":{"line":10,"column":34}},"1":{"start":{"line":11,"column":24},"end":{"line":11,"column":60}},"2":{"start":{"line":12,"column":15},"end":{"line":12,"column":32}},"3":{"start":{"line":13,"column":13},"end":{"line":13,"column":28}},"4":{"start":{"line":24,"column":18},"end":{"line":29,"column":1}},"5":{"start":{"line":36,"column":25},"end":{"line":57,"column":2}},"6":{"start":{"line":41,"column":32},"end":{"line":41,"column":74}},"7":{"start":{"line":42,"column":23},"end":{"line":42,"column":78}},"8":{"start":{"line":45,"column":23},"end":{"line":47,"column":7}},"9":{"start":{"line":46,"column":8},"end":{"line":46,"column":67}},"10":{"start":{"line":49,"column":6},"end":{"line":52,"column":7}},"11":{"start":{"line":50,"column":27},"end":{"line":50,"column":83}},"12":{"start":{"line":50,"column":47},"end":{"line":50,"column":72}},"13":{"start":{"line":51,"column":8},"end":{"line":51,"column":39}},"14":{"start":{"line":54,"column":6},"end":{"line":54,"column":24}},"15":{"start":{"line":64,"column":22},"end":{"line":71,"column":2}},"16":{"start":{"line":78,"column":15},"end":{"line":89,"column":2}},"17":{"start":{"line":99,"column":30},"end":{"line":101,"column":1}},"18":{"start":{"line":100,"column":2},"end":{"line":100,"column":29}},"19":{"start":{"line":116,"column":32},"end":{"line":124,"column":1}},"20":{"start":{"line":118,"column":2},"end":{"line":118,"column":81}},"21":{"start":{"line":121,"column":2},"end":{"line":121,"column":55}},"22":{"start":{"line":123,"column":2},"end":{"line":123,"column":9}},"23":{"start":{"line":136,"column":29},"end":{"line":164,"column":1}},"24":{"start":{"line":137,"column":20},"end":{"line":137,"column":30}},"25":{"start":{"line":138,"column":24},"end":{"line":138,"column":41}},"26":{"start":{"line":141,"column":2},"end":{"line":161,"column":5}},"27":{"start":{"line":142,"column":21},"end":{"line":142,"column":43}},"28":{"start":{"line":143,"column":20},"end":{"line":151,"column":5}},"29":{"start":{"line":154,"column":4},"end":{"line":160,"column":5}},"30":{"start":{"line":155,"column":6},"end":{"line":155,"column":44}},"31":{"start":{"line":156,"column":11},"end":{"line":160,"column":5}},"32":{"start":{"line":157,"column":6},"end":{"line":157,"column":43}},"33":{"start":{"line":159,"column":6},"end":{"line":159,"column":43}},"34":{"start":{"line":163,"column":2},"end":{"line":163,"column":9}},"35":{"start":{"line":174,"column":23},"end":{"line":181,"column":1}},"36":{"start":{"line":175,"column":2},"end":{"line":180,"column":5}},"37":{"start":{"line":190,"column":24},"end":{"line":195,"column":1}},"38":{"start":{"line":191,"column":2},"end":{"line":194,"column":5}},"39":{"start":{"line":205,"column":30},"end":{"line":216,"column":1}},"40":{"start":{"line":206,"column":2},"end":{"line":215,"column":3}},"41":{"start":{"line":207,"column":4},"end":{"line":209,"column":7}},"42":{"start":{"line":211,"column":4},"end":{"line":214,"column":7}},"43":{"start":{"line":226,"column":29},"end":{"line":231,"column":1}},"44":{"start":{"line":227,"column":2},"end":{"line":230,"column":5}},"45":{"start":{"line":233,"column":0},"end":{"line":242,"column":2}}},"fnMap":{"0":{"name":"(anonymous_0)","decl":{"start":{"line":40,"column":26},"end":{"line":40,"column":27}},"loc":{"start":{"line":40,"column":89},"end":{"line":55,"column":5}},"line":40},"1":{"name":"(anonymous_1)","decl":{"start":{"line":45,"column":52},"end":{"line":45,"column":53}},"loc":{"start":{"line":46,"column":8},"end":{"line":46,"column":67}},"line":46},"2":{"name":"(anonymous_2)","decl":{"start":{"line":50,"column":40},"end":{"line":50,"column":41}},"loc":{"start":{"line":50,"column":47},"end":{"line":50,"column":72}},"line":50},"3":{"name":"(anonymous_3)","decl":{"start":{"line":99,"column":30},"end":{"line":99,"column":31}},"loc":{"start":{"line":99,"column":36},"end":{"line":101,"column":1}},"line":99},"4":{"name":"(anonymous_4)","decl":{"start":{"line":116,"column":32},"end":{"line":116,"column":33}},"loc":{"start":{"line":116,"column":52},"end":{"line":124,"column":1}},"line":116},"5":{"name":"(anonymous_5)","decl":{"start":{"line":136,"column":29},"end":{"line":136,"column":30}},"loc":{"start":{"line":136,"column":49},"end":{"line":164,"column":1}},"line":136},"6":{"name":"(anonymous_6)","decl":{"start":{"line":141,"column":19},"end":{"line":141,"column":20}},"loc":{"start":{"line":141,"column":25},"end":{"line":161,"column":3}},"line":141},"7":{"name":"(anonymous_7)","decl":{"start":{"line":174,"column":23},"end":{"line":174,"column":24}},"loc":{"start":{"line":174,"column":42},"end":{"line":181,"column":1}},"line":174},"8":{"name":"(anonymous_8)","decl":{"start":{"line":190,"column":24},"end":{"line":190,"column":25}},"loc":{"start":{"line":190,"column":36},"end":{"line":195,"column":1}},"line":190},"9":{"name":"(anonymous_9)","decl":{"start":{"line":205,"column":30},"end":{"line":205,"column":31}},"loc":{"start":{"line":205,"column":57},"end":{"line":216,"column":1}},"line":205},"10":{"name":"(anonymous_10)","decl":{"start":{"line":226,"column":29},"end":{"line":226,"column":30}},"loc":{"start":{"line":226,"column":47},"end":{"line":231,"column":1}},"line":226}},"branchMap":{"0":{"loc":{"start":{"line":41,"column":32},"end":{"line":41,"column":74}},"type":"cond-expr","locations":[{"start":{"line":41,"column":48},"end":{"line":41,"column":69}},{"start":{"line":41,"column":72},"end":{"line":41,"column":74}}],"line":41},"1":{"loc":{"start":{"line":46,"column":8},"end":{"line":46,"column":67}},"type":"binary-expr","locations":[{"start":{"line":46,"column":8},"end":{"line":46,"column":27}},{"start":{"line":46,"column":31},"end":{"line":46,"column":46}},{"start":{"line":46,"column":50},"end":{"line":46,"column":67}}],"line":46},"2":{"loc":{"start":{"line":49,"column":6},"end":{"line":52,"column":7}},"type":"if","locations":[{"start":{"line":49,"column":6},"end":{"line":52,"column":7}},{"start":{},"end":{}}],"line":49},"3":{"loc":{"start":{"line":79,"column":9},"end":{"line":79,"column":65}},"type":"cond-expr","locations":[{"start":{"line":79,"column":49},"end":{"line":79,"column":55}},{"start":{"line":79,"column":58},"end":{"line":79,"column":65}}],"line":79},"4":{"loc":{"start":{"line":82,"column":17},"end":{"line":82,"column":54}},"type":"binary-expr","locations":[{"start":{"line":82,"column":17},"end":{"line":82,"column":37}},{"start":{"line":82,"column":41},"end":{"line":82,"column":54}}],"line":82},"5":{"loc":{"start":{"line":118,"column":22},"end":{"line":118,"column":80}},"type":"binary-expr","locations":[{"start":{"line":118,"column":22},"end":{"line":118,"column":53}},{"start":{"line":118,"column":57},"end":{"line":118,"column":80}}],"line":118},"6":{"loc":{"start":{"line":149,"column":10},"end":{"line":149,"column":48}},"type":"binary-expr","locations":[{"start":{"line":149,"column":10},"end":{"line":149,"column":16}},{"start":{"line":149,"column":20},"end":{"line":149,"column":48}}],"line":149},"7":{"loc":{"start":{"line":154,"column":4},"end":{"line":160,"column":5}},"type":"if","locations":[{"start":{"line":154,"column":4},"end":{"line":160,"column":5}},{"start":{"line":156,"column":11},"end":{"line":160,"column":5}}],"line":154},"8":{"loc":{"start":{"line":156,"column":11},"end":{"line":160,"column":5}},"type":"if","locations":[{"start":{"line":156,"column":11},"end":{"line":160,"column":5}},{"start":{"line":158,"column":11},"end":{"line":160,"column":5}}],"line":156},"9":{"loc":{"start":{"line":178,"column":13},"end":{"line":178,"column":50}},"type":"binary-expr","locations":[{"start":{"line":178,"column":13},"end":{"line":178,"column":33}},{"start":{"line":178,"column":37},"end":{"line":178,"column":50}}],"line":178},"10":{"loc":{"start":{"line":205,"column":40},"end":{"line":205,"column":52}},"type":"default-arg","locations":[{"start":{"line":205,"column":48},"end":{"line":205,"column":52}}],"line":205},"11":{"loc":{"start":{"line":206,"column":2},"end":{"line":215,"column":3}},"type":"if","locations":[{"start":{"line":206,"column":2},"end":{"line":215,"column":3}},{"start":{"line":210,"column":9},"end":{"line":215,"column":3}}],"line":206},"12":{"loc":{"start":{"line":212,"column":13},"end":{"line":212,"column":52}},"type":"cond-expr","locations":[{"start":{"line":212,"column":21},"end":{"line":212,"column":34}},{"start":{"line":212,"column":37},"end":{"line":212,"column":52}}],"line":212}},"s":{"0":1,"1":1,"2":1,"3":1,"4":1,"5":1,"6":0,"7":0,"8":0,"9":0,"10":0,"11":0,"12":0,"13":0,"14":0,"15":1,"16":1,"17":1,"18":15,"19":1,"20":10,"21":10,"22":10,"23":1,"24":20,"25":20,"26":20,"27":20,"28":20,"29":20,"30":3,"31":17,"32":3,"33":14,"34":20,"35":1,"36":5,"37":1,"38":3,"39":1,"40":7,"41":2,"42":5,"43":1,"44":5,"45":1},"f":{"0":0,"1":0,"2":0,"3":15,"4":10,"5":20,"6":20,"7":5,"8":3,"9":7,"10":5},"b":{"0":[0,0],"1":[0,0,0],"2":[0,0],"3":[0,1],"4":[1,0],"5":[10,7],"6":[20,1],"7":[3,17],"8":[3,14],"9":[5,1],"10":[3],"11":[2,5],"12":[3,2]},"_coverageSchema":"1a1c01bbd47fc00a2c39e90264f33305004495a9","hash":"c4e5804088acd963b0eebdbc4b8138f56ea675cc"}
}
