TN:
SF:utils/logger.js
FN:40,(anonymous_0)
FN:45,(anonymous_1)
FN:50,(anonymous_2)
FN:99,(anonymous_3)
FN:116,(anonymous_4)
FN:136,(anonymous_5)
FN:141,(anonymous_6)
FN:174,(anonymous_7)
FN:190,(anonymous_8)
FN:205,(anonymous_9)
FN:226,(anonymous_10)
FNF:11
FNH:8
FNDA:0,(anonymous_0)
FNDA:0,(anonymous_1)
FNDA:0,(anonymous_2)
FNDA:15,(anonymous_3)
FNDA:10,(anonymous_4)
FNDA:20,(anonymous_5)
FNDA:20,(anonymous_6)
FNDA:5,(anonymous_7)
FNDA:3,(anonymous_8)
FNDA:7,(anonymous_9)
FNDA:5,(anonymous_10)
DA:10,1
DA:11,1
DA:12,1
DA:13,1
DA:24,1
DA:36,1
DA:41,0
DA:42,0
DA:45,0
DA:46,0
DA:49,0
DA:50,0
DA:51,0
DA:54,0
DA:64,1
DA:78,1
DA:99,1
DA:100,15
DA:116,1
DA:118,10
DA:121,10
DA:123,10
DA:136,1
DA:137,20
DA:138,20
DA:141,20
DA:142,20
DA:143,20
DA:154,20
DA:155,3
DA:156,17
DA:157,3
DA:159,14
DA:163,20
DA:174,1
DA:175,5
DA:190,1
DA:191,3
DA:205,1
DA:206,7
DA:207,2
DA:211,5
DA:226,1
DA:227,5
DA:233,1
LF:45
LH:37
BRDA:41,0,0,0
BRDA:41,0,1,0
BRDA:46,1,0,0
BRDA:46,1,1,0
BRDA:46,1,2,0
BRDA:49,2,0,0
BRDA:49,2,1,0
BRDA:79,3,0,0
BRDA:79,3,1,1
BRDA:82,4,0,1
BRDA:82,4,1,0
BRDA:118,5,0,10
BRDA:118,5,1,7
BRDA:149,6,0,20
BRDA:149,6,1,1
BRDA:154,7,0,3
BRDA:154,7,1,17
BRDA:156,8,0,3
BRDA:156,8,1,14
BRDA:178,9,0,5
BRDA:178,9,1,1
BRDA:205,10,0,3
BRDA:206,11,0,2
BRDA:206,11,1,5
BRDA:212,12,0,3
BRDA:212,12,1,2
BRF:26
BRH:17
end_of_record
